<?xml version="1.0" encoding="UTF-8"?>
<!-- Generated by org.testng.reporters.JUnitReportReporter -->
<testsuite skipped="0" hostname="LAPTOP-31B2K48K" name="inkeralartc.qa.testcases.HomePageTest" tests="7" failures="0" timestamp="02 Jun 2019 11:21:58 GMT" time="70.694" errors="1">
  <testcase name="homePageTitleTest" time="32.009" classname="inkeralartc.qa.testcases.HomePageTest"/>
  <testcase name="homePageHeaderTest" time="6.150" classname="inkeralartc.qa.testcases.HomePageTest"/>
  <testcase name="signInLinkDisplayTest" time="6.235" classname="inkeralartc.qa.testcases.HomePageTest"/>
  <testcase name="registrationLinkDisplayTest" time="6.972" classname="inkeralartc.qa.testcases.HomePageTest"/>
  <testcase name="viewTicketLinkDisplayTest" time="6.632" classname="inkeralartc.qa.testcases.HomePageTest"/>
  <testcase name="cancellationLinkDisplayTest" time="6.218" classname="inkeralartc.qa.testcases.HomePageTest"/>
  <testcase name="registrationLinkClickTest" time="6.478" classname="inkeralartc.qa.testcases.HomePageTest">
    <error type="java.lang.NullPointerException">
      <![CDATA[java.lang.NullPointerException
at in.keralartc.qa.pages.HomePage.validateRegLink(HomePage.java:54)
at inkeralartc.qa.testcases.HomePageTest.registrationLinkClickTest(HomePageTest.java:63)
at sun.reflect.NativeMethodAccessorImpl.invoke0(Native Method)
at sun.reflect.NativeMethodAccessorImpl.invoke(Unknown Source)
at sun.reflect.DelegatingMethodAccessorImpl.invoke(Unknown Source)
at java.lang.reflect.Method.invoke(Unknown Source)
at org.testng.internal.MethodInvocationHelper.invokeMethod(MethodInvocationHelper.java:124)
at org.testng.internal.Invoker.invokeMethod(Invoker.java:583)
at org.testng.internal.Invoker.invokeTestMethod(Invoker.java:719)
at org.testng.internal.Invoker.invokeTestMethods(Invoker.java:989)
at org.testng.internal.TestMethodWorker.invokeTestMethods(TestMethodWorker.java:125)
at org.testng.internal.TestMethodWorker.run(TestMethodWorker.java:109)
at org.testng.TestRunner.privateRun(TestRunner.java:648)
at org.testng.TestRunner.run(TestRunner.java:505)
at org.testng.SuiteRunner.runTest(SuiteRunner.java:455)
at org.testng.SuiteRunner.runSequentially(SuiteRunner.java:450)
at org.testng.SuiteRunner.privateRun(SuiteRunner.java:415)
at org.testng.SuiteRunner.run(SuiteRunner.java:364)
at org.testng.SuiteRunnerWorker.runSuite(SuiteRunnerWorker.java:52)
at org.testng.SuiteRunnerWorker.run(SuiteRunnerWorker.java:84)
at org.testng.TestNG.runSuitesSequentially(TestNG.java:1208)
at org.testng.TestNG.runSuitesLocally(TestNG.java:1137)
at org.testng.TestNG.runSuites(TestNG.java:1049)
at org.testng.TestNG.run(TestNG.java:1017)
at org.testng.remote.AbstractRemoteTestNG.run(AbstractRemoteTestNG.java:115)
at org.testng.remote.RemoteTestNG.initAndRun(RemoteTestNG.java:251)
at org.testng.remote.RemoteTestNG.main(RemoteTestNG.java:77)
]]>
    </error>
  </testcase> <!-- registrationLinkClickTest -->
</testsuite> <!-- inkeralartc.qa.testcases.HomePageTest -->
